SF:lib/features/rendering/player_character_parts/player_character_layer.dart
DA:4,1
LF:1
LH:1
end_of_record
SF:lib/features/rendering/player_character_parts/player_character_animation.dart
DA:13,1
DA:15,2
DA:16,2
DA:17,2
LF:4
LH:4
end_of_record
SF:lib/features/rendering/player_character_parts/player_character_slash_tool.dart
DA:4,1
LF:1
LH:1
end_of_record
SF:lib/features/rendering/player_character_parts/animation_spec.dart
DA:4,2
DA:20,1
DA:22,2
DA:23,2
DA:24,2
DA:25,0
LF:6
LH:5
end_of_record
SF:lib/features/rendering/player_character_parts/player_character_frame.dart
DA:4,1
LF:1
LH:1
end_of_record
SF:lib/features/rendering/player_character_parts/player_character_sheet.dart
DA:4,1
DA:12,0
DA:18,1
DA:19,2
DA:22,1
DA:23,1
DA:24,1
DA:25,1
DA:27,2
DA:29,1
DA:30,2
DA:31,1
DA:33,1
DA:34,3
DA:35,1
DA:37,4
DA:38,1
DA:39,1
DA:41,2
DA:42,1
DA:44,2
DA:50,1
DA:54,1
DA:55,1
DA:60,1
DA:65,5
DA:66,1
DA:67,1
DA:72,1
DA:73,1
DA:74,2
DA:75,1
DA:76,2
DA:79,1
DA:85,1
DA:91,1
DA:95,2
DA:100,1
DA:101,1
DA:102,1
DA:109,1
DA:110,1
DA:111,1
DA:112,1
DA:115,2
DA:116,2
DA:118,2
DA:119,3
DA:123,1
DA:126,1
DA:133,2
DA:137,1
DA:142,1
DA:143,1
DA:144,2
DA:145,1
DA:147,1
DA:150,5
DA:153,1
DA:157,1
DA:161,1
DA:162,1
DA:168,0
DA:172,0
DA:176,0
DA:177,0
DA:183,0
DA:187,0
DA:191,0
DA:198,1
DA:202,1
DA:203,2
DA:204,0
DA:209,1
DA:210,1
DA:211,1
DA:212,1
DA:215,2
DA:216,2
DA:221,0
DA:224,1
DA:228,1
DA:231,1
DA:236,1
DA:242,1
DA:252,1
DA:257,1
DA:259,1
DA:260,1
DA:261,2
DA:265,1
DA:268,2
DA:269,2
DA:271,2
DA:272,3
DA:275,1
DA:278,1
DA:280,1
DA:281,1
DA:282,0
DA:283,0
DA:287,1
DA:292,1
DA:294,1
DA:295,3
DA:296,2
DA:297,1
DA:298,1
DA:305,1
DA:307,1
DA:315,1
DA:323,1
DA:342,1
DA:343,1
DA:344,3
DA:345,1
DA:347,4
DA:348,1
DA:350,1
LF:119
LH:107
end_of_record
SF:lib/features/player/domain/player_state_parts/map_point.dart
DA:4,1
DA:9,1
DA:10,1
DA:11,2
DA:12,2
LF:5
LH:5
end_of_record
SF:lib/features/player/domain/player_state_parts/player_skill.dart
DA:4,1
DA:16,1
DA:17,1
DA:18,1
DA:19,2
DA:20,2
DA:21,2
DA:25,6
DA:27,6
DA:29,6
DA:31,2
DA:32,6
DA:33,2
DA:36,8
DA:37,2
LF:15
LH:15
end_of_record
SF:lib/features/player/domain/player_state_parts/player_movement.dart
DA:4,1
DA:24,1
DA:25,1
DA:26,1
DA:27,2
DA:28,2
DA:29,2
DA:30,2
DA:33,3
DA:34,1
DA:36,2
DA:37,0
DA:39,2
DA:40,0
DA:42,2
LF:15
LH:13
end_of_record
SF:lib/features/player/domain/player_state_parts/player_state_model.dart
DA:4,3
DA:26,2
DA:27,2
DA:28,2
DA:29,2
DA:30,2
DA:31,4
DA:32,4
DA:34,3
DA:35,2
DA:37,3
DA:38,2
DA:40,2
DA:41,1
DA:44,3
DA:46,2
DA:47,2
DA:48,2
DA:50,2
DA:51,4
DA:55,1
DA:67,1
DA:68,1
DA:69,0
DA:70,1
DA:71,0
DA:72,1
DA:73,0
DA:74,0
DA:75,1
DA:76,1
DA:80,2
DA:81,4
DA:82,4
LF:34
LH:30
end_of_record
SF:lib/features/player/domain/player_state_parts/player_action.dart
DA:4,2
DA:28,1
DA:29,1
DA:30,1
DA:31,1
DA:32,1
DA:33,1
DA:35,2
DA:36,0
DA:38,2
DA:39,0
DA:41,2
DA:42,0
DA:43,2
DA:44,1
DA:45,1
DA:47,2
DA:51,3
DA:53,1
DA:54,4
DA:55,1
DA:58,3
DA:59,3
LF:23
LH:20
end_of_record
SF:lib/features/player/domain/player_state.dart
DA:7,2
DA:8,2
DA:11,6
LF:3
LH:3
end_of_record
SF:lib/core/api/api_response.dart
DA:3,2
DA:4,2
DA:7,2
DA:8,2
DA:9,1
DA:10,1
DA:11,1
DA:14,2
DA:15,2
LF:9
LH:9
end_of_record
SF:lib/core/errors/app_error.dart
DA:2,4
DA:8,1
DA:9,2
LF:3
LH:3
end_of_record
SF:lib/core/auth/token_refresher.dart
DA:7,4
DA:8,1
DA:9,2
DA:10,1
DA:11,1
DA:12,3
DA:23,2
DA:33,0
DA:34,0
DA:35,0
DA:37,0
DA:40,0
DA:41,0
DA:47,0
DA:49,0
DA:51,0
DA:52,0
DA:57,0
DA:58,0
DA:59,0
DA:61,0
DA:63,0
DA:64,0
DA:65,0
DA:66,0
LF:25
LH:7
end_of_record
SF:lib/core/config/app_config.dart
DA:3,4
DA:4,1
DA:8,2
DA:22,1
DA:32,1
DA:35,1
DA:37,1
DA:47,1
DA:48,1
DA:50,2
DA:52,2
DA:54,0
DA:55,2
LF:13
LH:12
end_of_record
SF:lib/core/storage/token_storage_parts/shared_preferences_token_storage.dart
DA:7,0
DA:9,0
DA:10,0
DA:11,0
DA:13,0
DA:16,0
DA:18,0
DA:19,0
DA:20,0
DA:23,0
DA:25,0
DA:26,0
DA:27,0
LF:13
LH:0
end_of_record
SF:lib/core/storage/token_storage_parts/token_pair.dart
DA:4,0
LF:1
LH:0
end_of_record
SF:lib/core/storage/token_storage_parts/resilient_token_storage.dart
DA:4,1
DA:13,0
DA:16,0
DA:17,0
DA:19,0
DA:23,0
DA:26,0
DA:27,0
DA:29,0
DA:33,0
DA:36,0
DA:39,0
LF:12
LH:1
end_of_record
SF:lib/core/storage/token_storage_parts/secure_token_storage.dart
DA:4,1
DA:12,0
DA:14,0
DA:15,0
DA:17,0
DA:20,0
DA:22,0
DA:23,0
DA:25,0
DA:26,0
DA:30,0
DA:32,0
DA:33,0
DA:36,0
DA:37,0
LF:15
LH:1
end_of_record
SF:lib/core/storage/token_storage.dart
DA:10,4
DA:11,1
DA:12,1
DA:13,1
LF:4
LH:4
end_of_record
SF:lib/core/network/auth_interceptor.dart
DA:7,0
DA:19,0
DA:24,0
DA:26,0
DA:28,0
DA:31,0
DA:36,0
DA:37,0
DA:38,0
DA:39,0
DA:43,0
DA:45,0
DA:49,0
DA:50,0
DA:51,0
DA:54,0
DA:55,0
DA:57,0
LF:18
LH:0
end_of_record
SF:lib/core/network/dio_provider.dart
DA:10,0
DA:11,0
DA:12,0
DA:14,0
DA:15,0
DA:22,0
DA:23,0
DA:25,0
DA:26,0
DA:28,0
DA:33,0
LF:11
LH:0
end_of_record
SF:lib/core/realtime/game_socket.dart
DA:17,7
DA:18,1
DA:19,2
DA:20,2
DA:21,2
DA:23,2
DA:27,4
DA:30,2
DA:31,1
DA:35,2
DA:62,1
DA:63,1
DA:64,2
DA:67,0
DA:71,0
DA:72,0
DA:73,0
DA:74,0
DA:75,0
DA:76,0
DA:77,0
DA:78,0
DA:81,0
DA:82,0
DA:83,0
DA:84,0
DA:85,0
DA:89,0
DA:91,0
DA:92,0
DA:93,0
DA:99,0
DA:100,0
DA:103,1
DA:104,1
DA:105,1
DA:106,1
DA:107,1
DA:108,1
DA:109,1
DA:110,1
DA:111,1
DA:112,1
DA:113,0
DA:114,0
DA:115,2
DA:116,2
DA:119,1
DA:120,2
DA:121,1
DA:122,1
DA:125,0
DA:126,0
DA:128,0
DA:131,0
DA:136,0
DA:137,0
DA:138,0
DA:142,0
DA:143,0
DA:147,0
DA:149,0
DA:157,0
DA:158,0
DA:159,0
DA:160,0
DA:161,0
DA:162,0
DA:163,0
DA:164,0
DA:165,0
DA:166,0
DA:167,0
DA:168,0
DA:169,0
DA:170,0
DA:173,0
DA:174,0
DA:175,0
DA:180,0
DA:184,0
DA:185,0
DA:190,0
DA:191,0
DA:196,0
DA:200,0
DA:204,0
DA:205,0
DA:207,0
DA:209,0
DA:211,0
DA:212,0
DA:213,0
DA:215,0
DA:218,0
DA:220,0
DA:223,0
DA:224,0
DA:225,0
DA:226,0
DA:231,0
DA:232,0
DA:233,0
DA:237,0
DA:239,0
DA:240,0
DA:241,0
DA:242,0
DA:245,0
DA:250,0
DA:251,0
DA:255,0
DA:256,0
DA:257,0
DA:258,0
DA:259,0
DA:260,0
DA:261,0
DA:267,0
DA:268,0
DA:269,0
DA:273,0
DA:274,0
DA:279,1
DA:280,2
DA:281,2
DA:282,1
DA:284,2
DA:285,0
DA:286,0
DA:289,2
DA:292,0
DA:293,0
DA:294,0
DA:295,0
DA:296,0
DA:297,0
DA:300,0
DA:301,0
DA:304,0
DA:305,0
DA:308,0
DA:311,0
DA:313,0
DA:314,0
DA:315,0
DA:316,0
DA:318,0
DA:320,0
DA:321,0
DA:325,0
DA:328,0
DA:330,0
DA:332,0
DA:333,0
DA:339,0
DA:343,0
DA:351,0
DA:354,0
DA:356,0
DA:357,0
DA:358,0
DA:359,0
DA:360,0
DA:362,0
DA:366,0
DA:367,0
DA:370,0
DA:373,0
DA:374,0
DA:377,1
DA:378,2
DA:381,0
DA:382,0
DA:383,0
DA:386,1
DA:387,2
DA:390,0
DA:391,0
DA:396,0
DA:397,0
DA:398,0
DA:399,0
DA:401,0
LF:184
LH:39
end_of_record
SF:lib/core/realtime/game_socket_parts/game_socket_message.dart
DA:4,0
LF:1
LH:0
end_of_record
SF:lib/core/storage/local_cache.dart
DA:4,0
DA:5,0
DA:15,0
DA:17,0
DA:18,0
DA:21,0
DA:23,0
DA:24,0
DA:27,0
DA:29,0
DA:30,0
LF:11
LH:0
end_of_record
SF:lib/features/auth/data/auth_api.dart
DA:11,0
DA:12,0
DA:16,1
DA:20,0
DA:21,0
DA:24,0
DA:25,0
DA:26,0
DA:27,0
DA:30,0
DA:34,0
DA:36,0
DA:38,0
DA:39,0
DA:40,0
DA:41,0
DA:44,0
DA:45,0
DA:46,0
DA:47,0
DA:50,0
DA:51,0
DA:54,0
DA:58,0
DA:60,0
DA:62,0
DA:63,0
DA:66,0
DA:67,0
DA:68,0
DA:69,0
LF:31
LH:1
end_of_record
SF:lib/features/auth/data/auth_api_parts/guest_login_response.dart
DA:4,1
LF:1
LH:1
end_of_record
SF:lib/features/auth/domain/user.dart
DA:2,0
DA:12,0
DA:13,0
DA:14,0
DA:15,0
DA:16,0
LF:6
LH:0
end_of_record
SF:lib/features/auth/data/auth_controller.dart
DA:13,2
DA:14,1
DA:17,0
DA:19,0
DA:22,0
DA:26,0
DA:27,0
DA:29,0
DA:30,0
DA:34,0
DA:35,0
DA:38,0
DA:40,0
DA:46,0
DA:50,0
DA:51,0
DA:53,0
DA:54,0
DA:58,0
DA:59,0
DA:62,0
DA:64,0
DA:70,0
DA:71,0
DA:72,0
DA:73,0
DA:74,0
DA:75,0
DA:80,0
DA:81,0
DA:82,0
DA:83,0
DA:84,0
DA:85,0
DA:86,0
DA:87,0
DA:88,0
LF:37
LH:2
end_of_record
SF:lib/features/bootstrap/data/bootstrap_repository_parts/app_bootstrap.dart
DA:4,1
LF:1
LH:1
end_of_record
SF:lib/features/bootstrap/data/bootstrap_repository.dart
DA:12,0
DA:13,0
DA:14,0
DA:15,0
DA:19,3
DA:20,0
DA:22,0
DA:24,0
DA:25,0
DA:26,0
DA:27,0
DA:31,0
DA:36,0
DA:37,0
DA:40,0
DA:41,0
DA:42,0
LF:17
LH:1
end_of_record
SF:lib/features/entities/data/entity_repository.dart
DA:9,0
DA:10,0
DA:13,3
DA:14,0
DA:15,0
DA:16,0
DA:17,0
DA:18,0
DA:19,0
DA:22,0
DA:23,0
DA:25,0
DA:26,0
DA:30,0
DA:34,0
DA:35,0
DA:36,0
DA:39,0
DA:40,0
DA:42,0
DA:43,0
LF:21
LH:1
end_of_record
SF:lib/features/inventory/data/inventory_repository.dart
DA:9,3
DA:10,0
DA:13,7
DA:14,3
DA:15,2
DA:16,2
DA:17,1
DA:22,1
DA:25,1
DA:29,0
DA:36,1
DA:37,1
DA:42,0
DA:44,0
DA:48,0
DA:54,0
DA:58,2
DA:59,1
DA:61,2
DA:64,0
DA:68,3
DA:70,1
DA:71,1
DA:74,0
DA:78,2
DA:80,2
DA:81,2
DA:82,2
DA:85,2
DA:86,1
DA:90,1
DA:94,1
DA:95,2
DA:96,0
DA:99,1
DA:100,1
DA:102,3
DA:103,1
LF:38
LH:29
end_of_record
SF:lib/features/map/application/map_controller.dart
DA:6,3
DA:11,1
DA:13,4
LF:3
LH:3
end_of_record
SF:lib/features/player/application/player_controller.dart
DA:8,4
DA:9,2
DA:14,2
DA:16,6
DA:17,5
DA:18,1
DA:19,1
DA:20,3
DA:23,6
DA:24,8
DA:27,0
DA:28,0
DA:29,0
DA:30,0
DA:32,0
DA:33,0
DA:34,0
DA:39,0
DA:40,0
DA:42,0
DA:43,0
DA:49,0
DA:50,0
DA:51,0
DA:52,0
DA:54,0
DA:55,0
DA:56,0
DA:57,0
DA:62,0
DA:63,0
DA:65,0
DA:66,0
DA:68,0
DA:71,0
LF:35
LH:10
end_of_record
SF:lib/features/state/data/state_repository.dart
DA:12,0
DA:13,0
DA:14,0
DA:15,0
DA:19,3
DA:20,0
DA:21,0
DA:25,1
DA:34,1
DA:36,2
DA:37,2
DA:38,0
DA:39,0
DA:41,0
DA:44,1
DA:47,2
DA:49,1
DA:50,1
DA:57,0
DA:58,0
DA:60,0
DA:62,0
DA:63,0
DA:64,0
DA:66,0
DA:70,1
DA:71,1
DA:75,2
DA:77,1
DA:80,1
DA:81,1
DA:82,1
DA:83,1
DA:84,1
DA:86,0
DA:87,0
DA:88,0
DA:90,0
DA:91,0
LF:39
LH:18
end_of_record
SF:lib/features/auth/domain/auth_session.dart
DA:4,1
LF:1
LH:1
end_of_record
SF:lib/features/auth/data/auth_repository.dart
DA:7,0
DA:8,0
DA:9,0
DA:10,0
DA:15,1
DA:24,1
DA:25,2
DA:28,2
DA:29,1
DA:31,2
DA:35,2
DA:36,3
DA:37,2
DA:40,1
DA:42,2
DA:44,2
DA:48,0
DA:52,0
DA:56,0
DA:59,1
DA:63,2
DA:64,3
DA:65,2
LF:23
LH:16
end_of_record
SF:lib/features/bootstrap/domain/bootstrap_config.dart
DA:2,1
DA:12,0
DA:13,0
DA:14,0
DA:15,0
DA:17,0
DA:18,0
DA:19,0
DA:21,0
DA:22,0
LF:10
LH:1
end_of_record
SF:lib/features/entities/domain/world_entity.dart
DA:2,0
DA:28,3
DA:30,0
DA:31,0
DA:32,0
DA:33,0
DA:34,0
DA:35,0
DA:36,0
DA:37,0
DA:38,0
DA:39,0
DA:40,0
DA:41,0
DA:42,0
DA:43,0
LF:16
LH:1
end_of_record
SF:lib/features/inventory/domain/inventory_item.dart
DA:2,1
DA:12,1
DA:13,1
DA:14,1
DA:15,2
DA:16,2
LF:6
LH:6
end_of_record
SF:lib/features/map/data/map_repository.dart
DA:9,0
DA:10,0
DA:13,3
DA:14,0
DA:15,0
DA:19,0
DA:23,0
DA:24,0
DA:25,0
DA:26,0
LF:10
LH:1
end_of_record
SF:lib/features/map/domain/tile_map.dart
DA:2,0
DA:16,0
DA:17,0
DA:18,0
DA:19,0
DA:20,0
DA:23,0
DA:24,0
DA:27,0
DA:28,0
DA:29,0
DA:31,0
DA:32,0
DA:34,0
DA:35,0
DA:36,0
DA:37,0
DA:43,0
DA:44,0
DA:45,0
DA:47,0
DA:52,1
DA:53,6
DA:54,3
DA:55,4
DA:56,2
LF:26
LH:5
end_of_record
SF:lib/features/player/data/player_repository.dart
DA:7,3
DA:8,0
DA:11,6
DA:12,0
DA:13,0
DA:17,1
DA:21,0
DA:22,0
DA:23,0
DA:26,0
DA:27,0
DA:29,0
DA:31,0
DA:34,0
DA:35,0
DA:37,0
DA:39,0
LF:17
LH:3
end_of_record
SF:lib/features/state/domain/state_snapshot.dart
DA:2,4
DA:12,0
DA:16,2
DA:17,3
DA:18,2
DA:19,4
DA:20,2
DA:21,3
DA:23,2
DA:24,3
DA:29,1
DA:30,3
LF:12
LH:11
end_of_record
SF:lib/features/shared/tree_resource_palette.dart
DA:22,2
DA:23,2
DA:27,2
LF:3
LH:3
end_of_record
SF:lib/features/shared/main_screen.dart
DA:29,1
DA:33,1
DA:34,1
LF:3
LH:3
end_of_record
SF:lib/features/shared/main_screen_parts/main_screen_state.dart
DA:29,1
DA:31,1
DA:32,3
DA:33,1
DA:34,2
DA:35,2
DA:38,3
DA:39,2
DA:40,1
DA:41,1
DA:43,2
DA:44,0
DA:46,1
DA:48,4
DA:49,2
DA:50,1
DA:51,1
DA:52,2
DA:56,4
DA:60,2
DA:61,1
DA:62,1
DA:63,2
DA:67,4
DA:71,2
DA:72,1
DA:73,1
DA:74,2
DA:75,1
DA:79,4
DA:80,2
DA:81,3
DA:82,2
DA:83,0
DA:84,0
DA:85,0
DA:86,0
DA:93,1
DA:95,2
DA:96,1
DA:99,1
DA:101,3
DA:102,3
DA:103,3
DA:104,3
DA:105,3
DA:106,2
DA:107,1
DA:115,1
DA:116,1
DA:117,1
DA:118,1
DA:119,1
DA:120,1
DA:121,1
DA:122,1
DA:123,1
DA:124,1
DA:126,1
DA:127,1
DA:129,1
DA:130,1
DA:131,1
DA:133,2
DA:134,1
DA:135,1
DA:136,1
DA:137,1
DA:139,1
DA:141,0
DA:142,0
DA:145,0
DA:146,0
DA:148,0
DA:149,0
DA:150,0
DA:151,1
DA:152,2
DA:155,1
DA:156,1
DA:157,1
DA:158,1
DA:159,1
DA:160,4
DA:161,1
DA:162,1
DA:163,1
DA:164,1
DA:165,1
DA:166,1
DA:167,1
DA:168,1
DA:171,1
DA:172,1
DA:173,1
DA:174,1
DA:175,1
DA:176,1
DA:177,1
DA:178,0
DA:181,1
DA:182,1
DA:183,1
DA:184,0
DA:185,0
DA:186,0
DA:187,0
DA:196,1
DA:197,2
DA:200,0
DA:203,0
DA:204,0
DA:207,0
DA:208,0
DA:209,0
DA:212,0
DA:213,0
DA:216,0
DA:217,0
DA:218,0
DA:219,0
DA:221,0
DA:222,0
DA:223,0
DA:224,0
DA:228,0
DA:229,0
DA:232,0
DA:233,0
DA:237,0
DA:238,0
DA:241,0
DA:242,0
DA:246,0
DA:247,0
DA:248,0
DA:251,0
DA:252,0
DA:256,0
DA:258,0
DA:259,0
DA:262,0
DA:263,0
DA:264,0
DA:267,0
DA:270,0
DA:271,0
DA:272,0
DA:277,1
DA:278,2
DA:279,2
DA:283,1
DA:290,1
DA:291,1
DA:292,1
DA:293,1
DA:297,0
DA:300,0
DA:301,0
DA:302,0
DA:305,0
DA:309,0
DA:311,0
DA:315,0
DA:316,0
DA:317,0
DA:318,0
DA:319,0
DA:320,0
DA:325,0
DA:326,0
DA:327,0
DA:328,0
DA:331,0
DA:334,1
DA:335,1
DA:336,0
DA:340,0
DA:343,0
DA:344,0
DA:347,0
DA:348,0
DA:354,0
DA:355,0
DA:359,0
DA:360,0
DA:363,0
DA:364,0
DA:368,1
DA:369,1
DA:372,2
DA:373,2
DA:377,1
DA:378,1
DA:381,2
DA:382,1
DA:383,1
DA:387,0
DA:388,0
DA:391,0
DA:392,0
DA:396,1
DA:397,1
DA:400,2
DA:401,1
DA:402,1
DA:406,0
DA:407,0
DA:410,0
DA:411,0
DA:415,0
DA:416,0
DA:417,0
DA:418,0
DA:419,0
DA:423,0
DA:425,0
DA:426,0
DA:427,0
DA:430,0
DA:434,0
DA:435,0
DA:436,0
DA:438,0
DA:441,0
DA:442,0
DA:450,0
DA:451,0
DA:452,0
DA:453,0
DA:454,0
DA:455,0
DA:456,0
LF:233
LH:116
end_of_record
SF:lib/features/rendering/entity_visuals_parts/entity_visual_definition.dart
DA:4,0
DA:24,0
DA:25,0
LF:3
LH:0
end_of_record
SF:lib/features/rendering/entity_visuals_parts/entity_animation_definition.dart
DA:4,1
DA:14,0
DA:15,0
DA:16,0
DA:19,0
DA:20,0
DA:21,0
DA:24,0
DA:26,0
DA:27,0
LF:10
LH:1
end_of_record
SF:lib/features/rendering/entity_visuals_parts/entity_frame.dart
DA:4,1
LF:1
LH:1
end_of_record
SF:lib/features/rendering/entity_visuals.dart
DA:9,0
DA:10,0
DA:12,0
DA:13,0
DA:14,0
DA:15,0
DA:34,0
DA:35,0
DA:43,0
DA:47,0
DA:48,0
DA:49,0
LF:12
LH:0
end_of_record
SF:lib/features/rendering/tile_map_game_support/floating_text_effect.dart
DA:4,0
DA:24,0
DA:26,0
DA:27,0
DA:30,0
DA:31,0
DA:32,0
DA:33,0
LF:8
LH:0
end_of_record
SF:lib/features/rendering/tile_map_game_support/entity_interaction_target.dart
DA:4,0
LF:1
LH:0
end_of_record
SF:lib/features/rendering/tile_map_renderer.dart
DA:4,0
DA:56,0
DA:58,0
DA:59,0
DA:60,0
DA:63,0
DA:68,0
DA:69,0
DA:70,0
DA:75,0
DA:76,0
DA:78,0
DA:79,0
DA:80,0
DA:81,0
DA:88,0
DA:89,0
DA:90,0
DA:91,0
DA:93,0
DA:96,0
DA:97,0
DA:98,0
DA:99,0
DA:101,0
DA:102,0
DA:106,0
DA:108,0
DA:111,0
DA:112,0
DA:113,0
DA:114,0
DA:117,0
DA:120,0
DA:121,0
DA:125,0
DA:126,0
DA:127,0
DA:128,0
DA:129,0
DA:130,0
DA:134,0
DA:136,0
DA:137,0
DA:138,0
DA:139,0
DA:142,0
DA:144,0
DA:145,0
DA:146,0
DA:149,0
DA:153,0
DA:158,0
DA:160,0
DA:164,0
DA:165,0
DA:166,0
DA:169,0
DA:171,0
DA:172,0
DA:173,0
DA:174,0
DA:176,0
DA:177,0
DA:178,0
DA:182,0
DA:183,0
DA:187,0
DA:188,0
DA:191,0
DA:192,0
DA:193,0
DA:194,0
DA:197,0
DA:198,0
DA:200,0
DA:201,0
DA:203,0
DA:206,0
DA:213,0
DA:214,0
DA:219,0
DA:220,0
DA:221,0
DA:228,0
DA:229,0
DA:230,0
DA:234,0
DA:235,0
DA:236,0
DA:237,0
DA:238,0
DA:241,0
DA:244,0
DA:245,0
DA:246,0
DA:250,0
DA:251,0
DA:252,0
DA:253,0
DA:254,0
DA:257,0
DA:260,0
DA:261,0
DA:263,0
DA:264,0
DA:265,0
DA:266,0
DA:267,0
DA:271,0
DA:272,0
DA:273,0
DA:274,0
DA:275,0
DA:279,0
DA:280,0
DA:281,0
DA:285,0
DA:288,0
DA:291,0
DA:292,0
DA:293,0
DA:297,0
DA:298,0
DA:299,0
DA:303,0
DA:308,0
DA:309,0
DA:310,0
DA:313,0
DA:314,0
DA:315,0
DA:316,0
DA:317,0
DA:321,0
DA:322,0
DA:325,0
DA:326,0
DA:327,0
DA:331,0
DA:332,0
DA:333,0
DA:335,0
DA:336,0
DA:337,0
DA:338,0
DA:342,0
DA:343,0
DA:344,0
DA:350,0
DA:351,0
DA:352,0
DA:353,0
DA:357,0
DA:358,0
DA:359,0
DA:366,0
DA:367,0
DA:370,0
DA:371,0
DA:372,0
DA:373,0
DA:376,0
DA:377,0
DA:381,0
DA:382,0
DA:383,0
DA:384,0
DA:387,0
DA:390,0
DA:393,0
DA:394,0
DA:398,0
DA:401,0
DA:402,0
DA:403,0
DA:405,0
DA:406,0
DA:407,0
DA:408,0
DA:409,0
DA:413,0
DA:415,0
DA:417,0
DA:421,0
DA:425,0
DA:426,0
DA:427,0
DA:428,0
DA:430,0
DA:431,0
DA:432,0
DA:433,0
DA:434,0
DA:436,0
DA:437,0
DA:439,0
DA:440,0
DA:441,0
DA:442,0
DA:449,0
DA:451,0
DA:452,0
DA:460,0
DA:461,0
DA:470,0
DA:471,0
DA:476,0
DA:481,0
DA:483,0
DA:491,0
DA:492,0
DA:501,0
DA:502,0
DA:506,0
DA:512,0
DA:513,0
DA:518,0
DA:523,0
DA:531,0
DA:532,0
DA:534,0
DA:537,0
DA:538,0
DA:539,0
DA:540,0
DA:541,0
DA:544,0
DA:546,0
DA:547,0
DA:548,0
DA:549,0
DA:550,0
DA:554,0
DA:555,0
DA:556,0
DA:557,0
DA:558,0
DA:561,0
DA:562,0
DA:564,0
DA:566,0
DA:569,0
DA:570,0
DA:571,0
DA:577,0
DA:578,0
DA:579,0
DA:583,0
DA:584,0
DA:588,0
DA:593,0
DA:594,0
DA:595,0
DA:601,0
DA:603,0
DA:606,0
DA:607,0
DA:608,0
DA:613,0
DA:615,0
DA:618,0
DA:619,0
DA:620,0
DA:628,0
DA:637,0
DA:638,0
DA:639,0
DA:641,0
DA:644,0
DA:645,0
DA:647,0
DA:648,0
DA:649,0
DA:650,0
DA:651,0
DA:658,0
DA:669,0
DA:678,0
DA:679,0
DA:680,0
DA:681,0
DA:684,0
DA:685,0
DA:686,0
DA:687,0
DA:692,0
DA:697,0
DA:703,0
DA:705,0
DA:712,0
DA:713,0
DA:714,0
DA:715,0
DA:716,0
DA:717,0
DA:720,0
DA:721,0
DA:724,0
DA:725,0
DA:730,0
DA:731,0
DA:732,0
DA:733,0
DA:734,0
DA:735,0
DA:736,0
DA:740,0
DA:741,0
DA:744,0
DA:745,0
DA:748,0
DA:749,0
DA:750,0
DA:752,0
DA:753,0
DA:754,0
DA:755,0
DA:756,0
DA:757,0
DA:761,0
DA:762,0
DA:763,0
DA:764,0
DA:765,0
DA:766,0
DA:767,0
DA:771,0
DA:774,0
DA:777,0
DA:778,0
DA:779,0
DA:781,0
DA:782,0
DA:783,0
DA:787,0
DA:788,0
DA:789,0
DA:790,0
DA:793,0
DA:800,0
DA:801,0
DA:802,0
DA:803,0
DA:804,0
DA:808,0
DA:811,0
DA:812,0
DA:815,0
DA:817,0
DA:818,0
DA:819,0
DA:820,0
DA:821,0
DA:823,0
DA:825,0
DA:826,0
DA:829,0
DA:832,0
DA:833,0
DA:835,0
DA:837,0
DA:846,0
DA:847,0
DA:848,0
DA:849,0
DA:858,0
DA:859,0
DA:860,0
DA:862,0
DA:865,0
DA:870,0
DA:871,0
DA:872,0
DA:874,0
DA:877,0
DA:882,0
DA:883,0
DA:884,0
DA:886,0
DA:889,0
DA:894,0
DA:895,0
DA:896,0
DA:898,0
DA:904,0
DA:905,0
DA:906,0
DA:907,0
DA:910,0
DA:916,0
DA:917,0
DA:918,0
DA:919,0
DA:923,0
DA:924,0
DA:925,0
DA:926,0
DA:927,0
DA:928,0
DA:933,0
DA:936,0
DA:937,0
DA:939,0
DA:950,0
DA:951,0
DA:954,0
DA:955,0
DA:957,0
DA:958,0
DA:959,0
DA:965,0
DA:970,0
DA:971,0
DA:972,0
DA:973,0
DA:977,0
DA:978,0
DA:979,0
DA:980,0
DA:981,0
DA:982,0
DA:983,0
DA:986,0
DA:987,0
DA:989,0
DA:991,0
DA:994,0
DA:1000,0
DA:1001,0
DA:1004,0
DA:1005,0
DA:1007,0
DA:1008,0
DA:1009,0
DA:1015,0
DA:1027,0
DA:1029,0
DA:1034,0
DA:1035,0
DA:1036,0
DA:1038,0
DA:1039,0
DA:1040,0
DA:1041,0
DA:1043,0
DA:1044,0
DA:1045,0
DA:1046,0
DA:1047,0
DA:1048,0
DA:1050,0
DA:1054,0
DA:1055,0
DA:1056,0
DA:1057,0
DA:1058,0
DA:1059,0
DA:1064,0
DA:1065,0
DA:1072,0
DA:1076,0
DA:1079,0
DA:1089,0
DA:1093,0
DA:1094,0
DA:1097,0
DA:1098,0
DA:1099,0
DA:1100,0
DA:1101,0
DA:1102,0
DA:1104,0
DA:1105,0
DA:1106,0
DA:1107,0
DA:1108,0
DA:1110,0
DA:1113,0
DA:1114,0
DA:1117,0
DA:1128,0
DA:1129,0
DA:1141,0
DA:1142,0
DA:1143,0
DA:1146,0
DA:1147,0
DA:1148,0
DA:1149,0
DA:1150,0
DA:1152,0
DA:1153,0
DA:1154,0
DA:1155,0
DA:1156,0
DA:1158,0
DA:1169,0
DA:1172,0
DA:1173,0
DA:1174,0
DA:1175,0
DA:1178,0
DA:1179,0
DA:1180,0
DA:1181,0
DA:1182,0
DA:1184,0
DA:1194,0
DA:1203,0
DA:1206,0
DA:1207,0
DA:1211,0
DA:1216,0
DA:1217,0
DA:1218,0
DA:1219,0
DA:1223,0
DA:1224,0
DA:1225,0
DA:1229,0
DA:1232,0
DA:1240,0
DA:1241,0
DA:1245,0
DA:1247,0
DA:1249,0
DA:1250,0
DA:1253,0
DA:1254,0
DA:1257,0
DA:1258,0
DA:1260,0
DA:1262,0
DA:1266,0
DA:1269,0
DA:1270,0
DA:1273,0
DA:1274,0
DA:1275,0
DA:1278,0
DA:1283,0
DA:1285,0
DA:1287,0
DA:1288,0
DA:1295,0
DA:1297,0
DA:1298,0
DA:1299,0
DA:1301,0
DA:1302,0
DA:1309,0
DA:1310,0
DA:1311,0
DA:1312,0
DA:1315,0
DA:1316,0
DA:1319,0
DA:1327,0
DA:1332,0
DA:1334,0
DA:1335,0
DA:1339,0
DA:1340,0
DA:1345,0
DA:1347,0
DA:1348,0
DA:1352,0
DA:1353,0
DA:1354,0
DA:1355,0
DA:1358,0
DA:1359,0
DA:1360,0
DA:1366,0
DA:1367,0
DA:1368,0
DA:1370,0
DA:1373,0
DA:1376,0
DA:1379,0
DA:1385,0
DA:1386,0
DA:1387,0
DA:1389,0
DA:1390,0
DA:1392,0
DA:1395,0
DA:1396,0
DA:1397,0
DA:1398,0
DA:1401,0
DA:1402,0
DA:1403,0
DA:1404,0
DA:1407,0
DA:1408,0
DA:1409,0
DA:1410,0
DA:1411,0
DA:1414,0
DA:1415,0
DA:1416,0
DA:1417,0
DA:1418,0
DA:1421,0
DA:1422,0
DA:1423,0
DA:1424,0
DA:1427,0
DA:1428,0
DA:1434,0
DA:1435,0
DA:1437,0
DA:1438,0
DA:1439,0
DA:1444,0
DA:1445,0
DA:1449,0
DA:1450,0
DA:1453,0
DA:1454,0
DA:1455,0
DA:1456,0
DA:1462,0
DA:1463,0
DA:1464,0
DA:1469,0
DA:1470,0
DA:1473,0
DA:1474,0
DA:1475,0
DA:1476,0
DA:1477,0
DA:1478,0
DA:1479,0
DA:1482,0
DA:1483,0
DA:1486,0
LF:639
LH:0
end_of_record
SF:lib/features/rendering/tile_map_game_support/player_direction.dart
DA:13,0
DA:15,0
DA:16,0
DA:17,0
DA:18,0
LF:5
LH:0
end_of_record
SF:lib/features/rendering/tile_map_game_parts/tile_render_config.dart
DA:4,1
DA:9,0
DA:10,0
LF:3
LH:1
end_of_record
SF:lib/features/rendering/tile_map_game_support/walk_icon_effect.dart
DA:4,0
DA:17,0
DA:18,0
DA:19,0
DA:22,0
DA:23,0
DA:24,0
LF:7
LH:0
end_of_record
SF:lib/features/rendering/tile_map_game_support/xp_drop_effect.dart
DA:4,0
DA:16,0
DA:18,0
DA:19,0
DA:22,0
DA:23,0
DA:24,0
DA:25,0
LF:8
LH:0
end_of_record
SF:lib/features/rendering/tile_map_game.dart
DA:30,1
DA:47,1
DA:50,0
DA:52,0
DA:53,0
DA:54,0
DA:57,1
DA:60,2
DA:61,0
DA:62,0
DA:63,0
DA:64,0
DA:66,0
DA:71,0
DA:72,0
DA:74,0
DA:75,0
DA:76,0
DA:77,0
DA:78,0
DA:79,0
DA:80,0
DA:97,0
DA:99,0
DA:101,0
DA:102,0
DA:103,0
DA:104,0
DA:107,0
DA:108,0
DA:114,1
DA:115,1
DA:116,1
DA:119,1
DA:120,2
DA:121,1
DA:124,1
DA:125,1
DA:126,1
DA:129,0
DA:134,0
DA:137,0
DA:138,0
DA:141,0
DA:142,0
DA:145,0
DA:146,0
DA:147,0
DA:152,0
DA:155,0
DA:156,0
DA:160,0
DA:161,0
DA:164,0
DA:165,0
DA:168,0
DA:169,0
DA:172,0
DA:174,0
LF:59
LH:13
end_of_record
SF:lib/features/rendering/tile_map_game_support/player_render_motion.dart
DA:4,0
DA:11,0
DA:12,0
DA:25,0
DA:26,0
DA:29,0
DA:30,0
DA:31,0
DA:34,0
DA:35,0
DA:36,0
DA:37,0
DA:38,0
DA:39,0
LF:14
LH:0
end_of_record
SF:lib/features/rendering/tile_map_game_support/player_pose.dart
DA:4,0
LF:1
LH:0
end_of_record
SF:lib/features/shared/widgets/animation_debug_panel_parts/panel_frame.dart
DA:4,0
DA:8,0
DA:10,0
DA:11,0
DA:12,0
DA:13,0
DA:15,0
DA:47,0
LF:8
LH:0
end_of_record
SF:lib/features/shared/widgets/animation_debug_panel_parts/close_button.dart
DA:4,0
DA:8,0
DA:10,0
DA:12,0
DA:13,0
DA:14,0
DA:15,0
DA:18,0
DA:20,0
DA:21,0
LF:10
LH:0
end_of_record
SF:lib/features/shared/widgets/animation_debug_panel.dart
DA:10,0
DA:21,0
DA:23,0
DA:24,0
DA:26,0
DA:27,0
DA:29,0
DA:31,0
DA:32,0
DA:34,0
DA:36,0
DA:37,0
DA:38,0
DA:49,0
DA:61,0
DA:64,0
DA:65,0
DA:67,0
DA:68,0
DA:70,0
DA:71,0
DA:72,0
DA:73,0
DA:74,0
LF:24
LH:0
end_of_record
SF:lib/features/shared/widgets/animation_debug_panel_parts/animation_chip.dart
DA:4,0
DA:14,0
DA:16,0
DA:18,0
DA:19,0
DA:20,0
DA:21,0
DA:23,0
DA:24,0
DA:26,0
DA:27,0
DA:29,0
DA:34,0
DA:35,0
DA:36,0
DA:38,0
DA:40,0
LF:17
LH:0
end_of_record
SF:lib/features/shared/widgets/game_loading_overlay_parts/game_loading_overlay_widget.dart
DA:4,1
DA:23,1
DA:25,1
DA:27,1
DA:33,1
DA:36,1
DA:37,1
DA:47,1
DA:49,1
DA:50,0
DA:53,1
DA:55,1
DA:56,0
DA:59,1
DA:61,1
DA:62,0
DA:65,1
DA:67,1
DA:68,0
DA:71,1
DA:73,1
DA:74,0
DA:76,1
DA:78,0
DA:79,0
DA:88,1
DA:89,1
DA:91,1
DA:93,1
DA:105,0
DA:108,0
LF:31
LH:22
end_of_record
SF:lib/features/shared/widgets/game_loading_overlay_parts/loading_status_row.dart
DA:4,1
DA:14,1
DA:16,2
DA:18,1
DA:20,1
DA:24,1
DA:26,1
DA:28,1
DA:29,1
DA:31,1
DA:32,1
DA:33,1
DA:34,1
DA:35,1
DA:44,1
DA:46,1
LF:16
LH:16
end_of_record
SF:lib/features/shared/widgets/game_loading_overlay_parts/game_connection_banner.dart
DA:4,1
DA:8,1
DA:10,1
DA:11,1
DA:12,1
DA:13,1
DA:14,0
DA:16,1
DA:17,1
DA:18,0
DA:22,1
DA:23,1
DA:25,1
DA:27,1
DA:28,1
DA:30,1
DA:31,1
DA:40,1
DA:42,1
DA:44,1
DA:45,2
DA:46,0
DA:48,0
DA:51,0
DA:53,0
DA:57,1
DA:59,1
LF:27
LH:21
end_of_record
SF:lib/features/shared/widgets/game_loading_overlay.dart
DA:15,0
DA:16,0
DA:17,0
DA:18,0
DA:19,0
LF:5
LH:0
end_of_record
SF:lib/features/shared/widgets/game_hud_parts/inventory/inventory_slot.dart
DA:4,1
DA:8,1
DA:10,5
DA:12,4
DA:13,4
DA:15,1
DA:18,1
DA:19,3
DA:20,1
DA:21,4
DA:22,1
DA:23,1
DA:24,1
DA:26,1
DA:27,1
DA:29,1
DA:31,1
DA:32,1
DA:34,1
DA:35,1
DA:38,1
DA:40,1
DA:45,1
DA:48,1
DA:49,1
DA:50,1
DA:53,1
DA:60,0
DA:64,1
DA:72,0
DA:83,1
DA:84,3
LF:32
LH:30
end_of_record
SF:lib/features/shared/widgets/game_hud_parts/minimap/minimap_overlay.dart
DA:4,1
DA:16,1
DA:17,1
DA:25,1
DA:27,1
DA:28,4
DA:29,2
DA:30,1
DA:31,1
DA:37,1
DA:39,1
DA:40,1
DA:43,1
DA:45,5
DA:46,5
DA:47,5
DA:53,1
DA:55,1
DA:56,1
DA:57,1
DA:59,1
DA:60,1
DA:69,1
DA:71,1
DA:72,1
DA:73,1
DA:74,1
DA:75,1
DA:77,1
DA:78,1
DA:95,1
DA:97,1
DA:98,1
DA:100,1
DA:101,1
DA:106,1
DA:108,1
DA:109,1
DA:111,0
DA:112,0
DA:113,0
DA:114,0
DA:115,0
DA:116,0
DA:117,0
DA:118,0
DA:124,0
DA:127,1
DA:128,1
DA:130,1
DA:133,2
DA:149,1
DA:150,1
DA:151,1
DA:152,1
DA:153,1
DA:156,1
DA:157,1
DA:158,2
DA:159,0
DA:162,1
DA:163,2
DA:164,1
DA:166,0
DA:169,1
DA:170,1
DA:171,1
DA:172,2
DA:174,3
DA:175,3
DA:176,1
DA:177,1
DA:178,1
DA:179,4
DA:183,1
DA:184,3
DA:185,1
DA:189,1
DA:190,2
DA:191,1
DA:192,1
DA:193,1
DA:196,0
DA:202,0
DA:205,0
DA:207,0
DA:208,0
DA:209,0
DA:210,0
DA:211,0
DA:214,0
DA:219,1
DA:234,1
DA:236,1
DA:237,3
DA:238,1
DA:239,1
DA:240,1
DA:243,1
DA:244,1
DA:245,1
DA:246,1
DA:247,1
DA:248,1
DA:249,1
DA:250,1
DA:251,1
DA:252,1
DA:256,1
DA:261,2
DA:262,2
DA:264,3
DA:268,2
DA:269,0
DA:271,1
DA:274,3
DA:275,3
DA:277,2
DA:278,2
DA:279,3
DA:280,3
DA:281,3
DA:282,3
DA:284,1
DA:287,1
DA:288,1
DA:290,0
DA:293,1
DA:297,1
DA:298,1
DA:299,1
DA:303,1
DA:304,2
DA:305,3
DA:306,3
DA:307,3
DA:309,2
DA:310,1
DA:313,4
DA:314,4
DA:315,3
DA:318,1
DA:319,2
DA:322,1
DA:323,1
DA:324,5
DA:325,5
DA:333,1
DA:334,3
DA:335,3
DA:336,1
DA:337,8
DA:338,8
DA:341,1
DA:343,3
DA:344,2
DA:346,1
DA:348,3
DA:349,1
DA:350,1
DA:351,1
DA:352,1
DA:356,1
DA:357,1
DA:361,0
DA:362,0
DA:366,0
DA:367,0
DA:368,0
DA:369,0
DA:370,0
DA:373,0
DA:375,0
DA:376,0
DA:378,0
DA:380,0
DA:381,0
DA:382,0
DA:383,0
DA:384,0
DA:388,1
DA:390,3
DA:391,3
DA:392,3
DA:393,3
DA:394,3
LF:186
LH:148
end_of_record
SF:lib/features/shared/widgets/game_hud_parts/shared/top_bar_placeholder_line.dart
DA:4,1
DA:13,1
DA:15,1
DA:16,1
DA:17,1
DA:18,1
DA:19,1
DA:20,1
DA:21,1
DA:23,1
LF:10
LH:10
end_of_record
SF:lib/features/shared/widgets/game_hud_parts/inventory/inventory_grid_loading.dart
DA:4,1
DA:6,0
LF:2
LH:1
end_of_record
SF:lib/features/shared/widgets/game_hud_parts/inventory/inventory_grid.dart
DA:4,1
DA:8,1
DA:10,3
DA:11,1
DA:12,1
DA:14,2
DA:15,1
DA:16,2
DA:17,1
DA:18,3
LF:10
LH:10
end_of_record
SF:lib/features/shared/widgets/game_hud_parts/inventory/inventory_grid_error.dart
DA:4,1
DA:6,0
LF:2
LH:1
end_of_record
SF:lib/features/shared/widgets/game_hud_parts/details/user_top_bar_section.dart
DA:4,1
DA:23,1
DA:25,1
DA:27,1
DA:28,1
DA:29,1
DA:35,1
DA:36,1
DA:37,2
DA:38,2
DA:40,3
DA:42,2
DA:43,2
DA:45,1
DA:46,0
DA:48,3
DA:49,3
DA:52,2
DA:53,2
DA:54,3
DA:55,3
DA:58,0
DA:59,0
DA:60,0
DA:61,0
DA:65,1
DA:75,0
DA:76,0
DA:84,1
DA:90,1
DA:92,1
DA:93,1
DA:105,1
DA:106,1
DA:111,1
DA:112,1
DA:113,1
LF:37
LH:30
end_of_record
SF:lib/features/shared/widgets/game_hud_parts/details/woodcutting_details.dart
DA:4,1
DA:8,1
DA:10,2
DA:11,1
DA:12,1
DA:13,1
DA:14,2
DA:16,1
DA:19,1
DA:39,1
DA:40,1
DA:51,1
DA:53,1
DA:54,1
LF:14
LH:14
end_of_record
SF:lib/features/shared/widgets/game_hud_parts/shared/top_bar_progress_bar.dart
DA:4,1
DA:8,1
DA:10,3
DA:11,1
DA:13,1
DA:15,1
DA:16,1
DA:18,1
DA:20,1
DA:22,1
DA:23,1
DA:24,1
LF:12
LH:12
end_of_record
SF:lib/features/shared/widgets/game_hud_parts/details/woodcutting_top_bar_section.dart
DA:4,1
DA:13,1
DA:15,1
DA:17,1
DA:18,1
DA:19,0
DA:25,1
DA:26,1
DA:27,2
DA:28,1
DA:30,1
DA:31,1
DA:45,1
DA:46,2
DA:47,2
DA:49,1
DA:62,0
LF:17
LH:15
end_of_record
SF:lib/features/shared/widgets/game_hud_parts/top_bar/top_bar.dart
DA:4,1
DA:25,3
DA:27,1
DA:29,2
DA:30,2
DA:32,1
DA:34,1
DA:37,1
DA:38,1
DA:39,1
DA:41,1
DA:42,1
DA:43,1
DA:65,1
DA:66,1
DA:75,1
DA:76,1
DA:77,1
DA:78,2
DA:80,2
DA:83,1
DA:84,1
DA:86,2
DA:88,1
DA:89,1
DA:93,1
DA:94,1
DA:96,1
DA:97,1
DA:99,1
DA:100,1
DA:104,1
DA:108,1
DA:109,1
DA:110,1
DA:112,0
DA:114,0
DA:115,0
DA:117,0
LF:39
LH:35
end_of_record
SF:lib/features/shared/widgets/game_hud_parts/shared/top_bar_divider.dart
DA:4,1
DA:6,1
DA:8,1
DA:10,1
DA:12,1
DA:13,1
DA:15,1
DA:16,1
DA:17,1
DA:18,1
LF:10
LH:10
end_of_record
SF:lib/features/shared/widgets/game_hud_parts/details/activity_top_bar_section.dart
DA:4,1
DA:13,1
DA:15,1
DA:17,1
DA:18,1
DA:19,1
DA:25,1
DA:26,1
DA:27,2
DA:28,1
DA:30,2
DA:31,2
DA:33,1
DA:43,0
LF:14
LH:13
end_of_record
SF:lib/features/shared/widgets/game_hud_parts/top_bar/inventory_top_bar_section.dart
DA:4,1
DA:15,1
DA:17,1
DA:19,1
DA:20,1
DA:21,1
DA:27,1
DA:28,1
DA:29,2
DA:30,1
DA:32,1
DA:33,1
DA:34,1
DA:35,1
DA:36,1
DA:50,1
DA:51,1
DA:54,1
DA:67,1
DA:68,1
DA:71,1
DA:73,1
LF:22
LH:22
end_of_record
SF:lib/features/shared/widgets/game_hud_parts/details/user_details.dart
DA:4,1
DA:23,1
DA:25,1
DA:28,1
DA:41,1
DA:42,2
DA:53,1
DA:54,1
DA:55,2
DA:56,2
DA:58,2
DA:60,2
DA:61,1
DA:62,2
DA:71,0
DA:72,0
DA:73,0
DA:74,0
LF:18
LH:14
end_of_record
SF:lib/features/shared/widgets/game_hud_parts/shared/top_bar_icon_well.dart
DA:4,1
DA:8,1
DA:10,1
DA:13,1
DA:15,1
DA:16,1
DA:30,1
DA:32,1
DA:33,1
DA:35,1
DA:36,1
DA:38,1
LF:12
LH:12
end_of_record
SF:lib/features/shared/widgets/game_hud_parts/inventory/inventory_close_button.dart
DA:4,1
DA:8,1
DA:10,1
DA:13,1
DA:14,1
DA:15,1
DA:21,2
LF:7
LH:7
end_of_record
SF:lib/features/shared/widgets/game_hud_parts/details/user_action_button.dart
DA:4,1
DA:9,1
DA:11,1
DA:13,1
DA:14,1
DA:15,1
DA:23,2
DA:25,1
DA:26,1
LF:9
LH:9
end_of_record
SF:lib/features/shared/widgets/game_hud_parts/inventory/inventory_drawer.dart
DA:4,1
DA:17,3
DA:19,1
DA:21,1
DA:25,1
DA:26,1
DA:27,1
DA:29,1
DA:30,1
DA:31,1
DA:51,1
DA:52,1
DA:61,1
DA:62,1
DA:63,1
DA:64,2
DA:66,2
DA:69,1
DA:70,1
DA:81,1
DA:82,2
DA:83,2
DA:84,0
DA:85,0
DA:89,2
LF:25
LH:23
end_of_record
SF:lib/features/shared/widgets/game_hud_parts/details/activity_details.dart
DA:4,1
DA:8,1
DA:10,2
DA:11,1
DA:14,1
DA:27,1
DA:31,1
DA:32,2
DA:50,1
DA:51,1
DA:54,1
DA:60,1
DA:61,1
DA:64,1
LF:14
LH:14
end_of_record
SF:lib/features/shared/widgets/game_hud_parts/shared/divider_stud.dart
DA:4,1
DA:6,1
DA:8,1
DA:11,1
DA:12,1
DA:13,1
DA:27,1
DA:28,1
LF:8
LH:8
end_of_record
SF:lib/features/shared/widgets/game_hud.dart
DA:44,1
DA:75,1
DA:77,2
DA:78,1
DA:79,1
DA:80,1
DA:81,1
DA:83,1
DA:84,1
DA:85,1
DA:86,1
DA:87,1
DA:88,1
DA:92,1
DA:93,1
DA:94,1
DA:96,1
DA:98,1
DA:99,1
DA:100,1
DA:105,1
DA:106,1
DA:108,1
DA:111,1
DA:112,1
DA:114,1
DA:120,1
DA:121,1
DA:122,1
DA:123,1
DA:124,2
DA:127,1
DA:128,1
DA:129,1
DA:130,1
DA:131,2
LF:36
LH:36
end_of_record
SF:lib/features/shared/widgets/login_popup_parts/login_popup_widget.dart
DA:4,1
DA:8,1
DA:9,1
LF:3
LH:3
end_of_record
SF:lib/features/shared/widgets/login_popup_parts/login_popup_state.dart
DA:9,1
DA:11,2
DA:12,2
DA:13,1
DA:16,1
DA:18,1
DA:20,1
DA:23,1
DA:33,1
DA:34,1
DA:36,1
DA:40,1
DA:41,1
DA:43,1
DA:45,0
DA:47,1
DA:49,0
DA:50,0
DA:59,1
DA:60,1
DA:62,1
DA:63,1
DA:65,3
DA:68,1
DA:69,1
DA:71,2
DA:80,0
DA:81,0
DA:82,0
DA:83,0
DA:84,0
DA:85,0
DA:90,0
DA:91,0
DA:92,0
DA:96,0
DA:97,0
DA:98,0
DA:99,0
DA:102,0
DA:104,0
DA:107,0
DA:108,0
DA:111,0
DA:112,0
DA:113,0
DA:119,0
DA:120,0
DA:121,0
LF:49
LH:23
end_of_record
SF:lib/features/shared/widgets/registration_popup_parts/registration_popup_state.dart
DA:9,1
DA:11,2
DA:12,2
DA:13,1
DA:16,1
DA:18,1
DA:20,1
DA:23,1
DA:33,1
DA:34,1
DA:36,1
DA:40,1
DA:41,1
DA:43,1
DA:45,0
DA:47,1
DA:49,0
DA:50,0
DA:59,1
DA:60,1
DA:62,1
DA:63,1
DA:65,3
DA:68,1
DA:69,1
DA:71,2
DA:80,0
DA:81,0
DA:82,0
DA:83,0
DA:84,0
DA:85,0
DA:90,0
DA:91,0
DA:92,0
DA:96,0
DA:97,0
DA:98,0
DA:99,0
DA:102,0
DA:104,0
DA:107,0
DA:108,0
DA:111,0
DA:112,0
DA:113,0
DA:119,0
DA:120,0
DA:121,0
LF:49
LH:23
end_of_record
SF:lib/features/shared/widgets/registration_popup_parts/popup_bar.dart
DA:4,1
DA:8,1
DA:10,1
DA:12,1
DA:13,1
DA:14,1
DA:48,1
DA:49,1
DA:50,1
DA:51,1
LF:10
LH:10
end_of_record
SF:lib/features/shared/widgets/registration_popup_parts/popup_field.dart
DA:4,1
DA:21,1
DA:23,1
DA:24,1
DA:25,1
DA:26,1
DA:27,1
DA:28,1
DA:34,1
DA:35,1
DA:39,1
DA:40,1
DA:43,1
DA:44,1
DA:47,1
DA:48,1
LF:16
LH:16
end_of_record
SF:lib/features/shared/widgets/registration_popup_parts/popup_button.dart
DA:4,1
DA:15,1
DA:17,1
DA:18,1
DA:19,1
DA:23,1
DA:25,1
DA:29,1
DA:31,2
DA:33,1
DA:34,1
LF:11
LH:11
end_of_record
SF:lib/features/shared/widgets/registration_popup_parts/popup_panel.dart
DA:4,1
DA:23,1
DA:25,2
DA:26,1
DA:27,1
DA:28,1
DA:29,1
DA:30,1
DA:31,3
DA:32,1
DA:35,1
DA:36,1
DA:37,1
DA:38,1
DA:39,3
DA:41,1
DA:42,1
DA:43,1
DA:44,1
DA:47,1
DA:48,1
DA:50,1
DA:51,1
DA:63,1
DA:64,1
DA:66,1
DA:67,2
DA:68,1
DA:70,1
LF:29
LH:29
end_of_record
SF:lib/features/shared/widgets/registration_popup_parts/registration_popup_widget.dart
DA:4,1
DA:8,1
DA:9,1
LF:3
LH:3
end_of_record
